Build started 16/10/2015 10:06:36 AM.
     1>Project "C:\Users\Neil Appleton\Documents\Visual Studio 2013\Projects\Thesis\attempt1\attempt1.vcxproj" on node 2 (Build target(s)).
     1>C:\Program Files (x86)\MSBuild\Microsoft.Cpp\v4.0\V120\Microsoft.CppBuild.targets(388,5): warning MSB8028: The intermediate directory (x64\Debug\) contains files shared from another project (attempt1.vcxproj).  This can lead to incorrect clean and rebuild behavior.
     1>ClCompile:
         C:\Program Files (x86)\Microsoft Visual Studio 12.0\VC\bin\x86_amd64\CL.exe /c /IC:\opencv\build\include /Zi /nologo /W3 /WX- /sdl /Od /D WIN32 /D _DEBUG /D _CONSOLE /D _LIB /D _UNICODE /D UNICODE /Gm /EHsc /RTC1 /MDd /GS /fp:precise /Zc:wchar_t /Zc:forScope /Fo"x64\Debug\\" /Fd"x64\Debug\vc120.pdb" /Gd /TP /errorReport:prompt DenseOpticFlow.cpp
         DenseOpticFlow.cpp
     1>DenseOpticFlow.cpp(76): warning C4267: 'initializing' : conversion from 'size_t' to 'int', possible loss of data
     1>DenseOpticFlow.cpp(273): warning C4244: 'argument' : conversion from 'double' to 'int', possible loss of data
     1>DenseOpticFlow.cpp(374): warning C4244: '=' : conversion from 'int' to 'float', possible loss of data
     1>DenseOpticFlow.cpp(376): warning C4244: '=' : conversion from 'int' to 'float', possible loss of data
     1>DenseOpticFlow.cpp(416): warning C4244: 'argument' : conversion from 'double' to 'int', possible loss of data
       Link:
         C:\Program Files (x86)\Microsoft Visual Studio 12.0\VC\bin\x86_amd64\link.exe /ERRORREPORT:PROMPT /OUT:"C:\Users\Neil Appleton\Documents\Visual Studio 2013\Projects\Thesis\x64\Debug\Thesis.exe" /INCREMENTAL /NOLOGO /LIBPATH:C:\opencv\build\x64\vc12\lib opencv_calib3d2411d.lib opencv_contrib2411d.lib opencv_core2411d.lib opencv_features2d2411d.lib opencv_flann2411d.lib opencv_gpu2411d.lib opencv_highgui2411d.lib opencv_imgproc2411d.lib opencv_legacy2411d.lib opencv_ml2411d.lib opencv_nonfree2411d.lib opencv_objdetect2411d.lib opencv_ocl2411d.lib opencv_photo2411d.lib opencv_stitching2411d.lib opencv_superres2411d.lib opencv_ts2411d.lib opencv_video2411d.lib opencv_videostab2411d.lib kernel32.lib user32.lib gdi32.lib winspool.lib comdlg32.lib advapi32.lib shell32.lib ole32.lib oleaut32.lib uuid.lib odbc32.lib odbccp32.lib /MANIFEST /MANIFESTUAC:"level='asInvoker' uiAccess='false'" /manifest:embed /DEBUG /PDB:"C:\Users\Neil Appleton\Documents\Visual Studio 2013\Projects\Thesis\x64\Debug\Thesis.pdb" /SUBSYSTEM:CONSOLE /TLBID:1 /DYNAMICBASE /NXCOMPAT /IMPLIB:"C:\Users\Neil Appleton\Documents\Visual Studio 2013\Projects\Thesis\x64\Debug\Thesis.lib" /MACHINE:X64 x64\Debug\bckgrnd_subs.obj
         x64\Debug\boxOF.obj
         x64\Debug\DBSCAN.obj
         x64\Debug\DenseOpticFlow.obj
         x64\Debug\kmeansclustering.obj
         x64\Debug\MouseClick.obj
         x64\Debug\test.obj
         x64\Debug\TEST2OpticFlow.obj
         x64\Debug\Vhcl_dtct_mtn_trk.obj
         x64\Debug\video.obj
         attempt1.vcxproj -> C:\Users\Neil Appleton\Documents\Visual Studio 2013\Projects\Thesis\x64\Debug\Thesis.exe
     1>Done Building Project "C:\Users\Neil Appleton\Documents\Visual Studio 2013\Projects\Thesis\attempt1\attempt1.vcxproj" (Build target(s)).

Build succeeded.

Time Elapsed 00:00:02.64
